2022-01-03 18:58:52:5852 [31merror[39m: [31minvalid input syntax for type uuid: "f7a3c11a-c068-4f3d-abc4-41fbd599ea3"[39m
2022-01-03 19:18:04:184 [31merror[39m: [31minvalid input syntax for type uuid: "f7a3c11a-c068-4f3d-abc4-41fbd599ea3"[39m
2022-01-03 19:19:38:1938 [31merror[39m: [31mGET Params: {"id":"f7a3c11a-c068-4f3d-abc4-41fbd599ea3"} invalid input syntax for type uuid: "f7a3c11a-c068-4f3d-abc4-41fbd599ea3"[39m
2022-01-03 19:20:16:2016 [31merror[39m: [31mGET Params: {"id":"f7a3c11a-c068-4f3d-abc4-41fbd599ea3"} invalid input syntax for type uuid: "f7a3c11a-c068-4f3d-abc4-41fbd599ea3"[39m
2022-01-03 19:21:06:216 [31merror[39m: [31minvalid input syntax for type uuid: "f7a3c11a-c068-4f3d-abc4-41fbd599ea3"[39m
2022-01-03 19:23:47:2347 [31merror[39m: [31mGET Params: {"id":"f7a3c11a-c068-4f3d-abc4-41fbd599ea3"} invalid input syntax for type uuid: "f7a3c11a-c068-4f3d-abc4-41fbd599ea3"[39m
2022-01-03 19:25:40:2540 [31merror[39m: [31mGET Params: {"id":"f7a3c11a-c068-4f3d-abc4-41fbd599ea3"} invalid input syntax for type uuid: "f7a3c11a-c068-4f3d-abc4-41fbd599ea3"[39m
2022-01-03 19:26:49:2649 [31merror[39m: [31mmethod GET Params: {"id":"f7a3c11a-c068-4f3d-abc4-41fbd599ea3"} errorinvalid input syntax for type uuid: "f7a3c11a-c068-4f3d-abc4-41fbd599ea3"[39m
2022-01-03 19:27:15:2715 [31merror[39m: [31mmethod: GET Params: {"id":"f7a3c11a-c068-4f3d-abc4-41fbd599ea3"} message: invalid input syntax for type uuid: "f7a3c11a-c068-4f3d-abc4-41fbd599ea3"[39m
2022-01-03 19:30:57:3057 [31merror[39m: [31mmethod: GET Params: {"id":"f7a3c11a-c068-4f3d-abc4-41fbd599ea3"} message: invalid input syntax for type uuid: "f7a3c11a-c068-4f3d-abc4-41fbd599ea3"[39m
2022-01-04 11:31:54:3154 [31merror[39m: [31mmethod: GET Params: {"id":"f7a3c11a-c068-4f3d-abc4-41fbd599ea3"} message: invalid input syntax for type uuid: "f7a3c11a-c068-4f3d-abc4-41fbd599ea3"[39m
2022-01-04 11:57:51:5751 [31merror[39m: [31mmethod: GET Params: {"id":"f7a3c11a-c068-4f3d-abc4-41fbd599ea3"} message: invalid input syntax for type uuid: "f7a3c11a-c068-4f3d-abc4-41fbd599ea3"[39m
2022-01-04 12:35:24:3524 [31merror[39m: [31mmethod: PUT Params: {"id":"2962febc-025b-4298-94ce-40fe05cba367"} message: Could not find any entity of type "GroupEntity" matching: {[39m
[31m    "where": {[39m
[31m        "id": "2962febc-025b-4298-94ce-40fe05cba367"[39m
[31m    },[39m
[31m    "relations": [[39m
[31m        "users"[39m
[31m    ][39m
[31m}[39m
2022-01-04 12:37:45:3745 [31merror[39m: [31mmethod: PUT Params: {"id":"2962febc-025b-4298-94ce-40fe05cba367"} message: Could not find any entity of type "GroupEntity" matching: {[39m
[31m    "where": {[39m
[31m        "id": "2962febc-025b-4298-94ce-40fe05cba367"[39m
[31m    },[39m
[31m    "relations": [[39m
[31m        "users"[39m
[31m    ][39m
[31m}[39m
2022-01-04 12:38:21:3821 [31merror[39m: [31mmethod: GET Params: {"id":"f7a3c11a-c068-4f3d-abc4-41fbd599ea3"} message: invalid input syntax for type uuid: "f7a3c11a-c068-4f3d-abc4-41fbd599ea3"[39m
2022-01-04 12:38:52:3852 [31merror[39m: [31mmethod: PUT Params: {"id":"2962febc-025b-4298-94ce-40fe05cba367"} message: Could not find any entity of type "GroupEntity" matching: {[39m
[31m    "where": {[39m
[31m        "id": "2962febc-025b-4298-94ce-40fe05cba367"[39m
[31m    },[39m
[31m    "relations": [[39m
[31m        "users"[39m
[31m    ][39m
[31m}[39m
2022-01-04 12:40:55:4055 [31merror[39m: [31mmethod: GET Params: {"id":"\"f7a3c11a-c068-4f3d-abc4-41fbd599ea34"} message: invalid input syntax for type uuid: ""f7a3c11a-c068-4f3d-abc4-41fbd599ea34"[39m
2022-01-05 14:09:14:914 [31merror[39m: [31mmethod: GET Params: {} message: Cannot query across one-to-many for property users[39m
2022-01-05 14:14:28:1428 [31merror[39m: [31mmethod: GET Params: {} message: Cannot query across one-to-many for property users[39m
2022-01-05 14:16:47:1647 [31merror[39m: [31mmethod: GET Params: {} message: "user" alias was not found. Maybe you forgot to join it?[39m
2022-01-05 14:17:00:170 [31merror[39m: [31mmethod: GET Params: {} message: "user" alias was not found. Maybe you forgot to join it?[39m
2022-01-05 14:17:01:171 [31merror[39m: [31mmethod: GET Params: {} message: "user" alias was not found. Maybe you forgot to join it?[39m
2022-01-05 14:17:28:1728 [31merror[39m: [31mmethod: GET Params: {} message: Relation with property path id in entity was not found.[39m
2022-01-05 14:17:49:1749 [31merror[39m: [31mmethod: GET Params: {} message: Relation with property path id in entity was not found.[39m
2022-01-05 14:17:49:1749 [31merror[39m: [31mmethod: GET Params: {} message: Relation with property path id in entity was not found.[39m
2022-01-05 14:17:50:1750 [31merror[39m: [31mmethod: GET Params: {} message: Relation with property path id in entity was not found.[39m
2022-01-05 14:19:43:1943 [31merror[39m: [31mmethod: GET Params: {} message: Cannot query across one-to-many for property users[39m
2022-01-05 14:25:44:2544 [31merror[39m: [31mmethod: GET Params: {} message: No entity column "profile" was found.[39m
2022-01-05 14:25:56:2556 [31merror[39m: [31mmethod: GET Params: {} message: Cannot query across one-to-many for property users[39m
2022-01-05 14:27:58:2758 [31merror[39m: [31mmethod: GET Params: {} message: Cannot query across one-to-many for property users[39m
2022-01-05 14:27:59:2759 [31merror[39m: [31mmethod: GET Params: {} message: Cannot query across one-to-many for property users[39m
2022-01-05 14:31:25:3125 [31merror[39m: [31mmethod: GET Params: {} message: syntax error at or near ":"[39m
2022-01-05 14:31:32:3132 [31merror[39m: [31mmethod: GET Params: {} message: missing FROM-clause entry for table "users"[39m
2022-01-05 14:33:52:3352 [31merror[39m: [31mmethod: GET Params: {} message: invalid reference to FROM-clause entry for table "users"[39m
2022-01-05 14:34:24:3424 [31merror[39m: [31mUncaughtException[39m
2022-01-05 14:34:49:3449 [31merror[39m: [31mmethod: GET Params: {} message: invalid reference to FROM-clause entry for table "users"[39m
2022-01-05 14:35:46:3546 [31merror[39m: [31mmethod: GET Params: {} message: missing FROM-clause entry for table "users"[39m
2022-01-05 14:37:15:3715 [31merror[39m: [31mmethod: GET Params: {} message: Relation "users.isdeleted" was not found; please check if it is correct and really exists in your entity.[39m
2022-01-05 14:37:29:3729 [31merror[39m: [31mmethod: GET Params: {} message: Cannot query across one-to-many for property users[39m
